2014-12-18 08:45:39.172 Unity[13768:1485479] NSDocumentController Info.plist warning: The values of CFBundleTypeRole entries must be 'Editor', 'Viewer', 'None', or 'Shell'.
debugger-agent: Unable to listen on 6
Applications/Unity4.6.1f1/Unity.app/Contents/Frameworks/Mono/etc'
Using monoOptions --debugger-agent=transport=dt_socket,embedding=1,defer=y

LICENSE SYSTEM [20141218 8:45:39] Next license update check is after 2014-12-18T18:48:08


 BATCHMODE ARGUMENTS:
/Applications/Unity4.6.1f1/Unity.app/Contents/MacOS/Unity
-batchmode
-quit
-projectPath
/Users/rgraham/work/bwised/repo/bitverse/github/PackageExporter/unity-export
-logFile
unity-export.log
-executeMethod
PackageExporter.Export
Successfully changed project path to: /Users/rgraham/work/bwised/repo/bitverse/github/PackageExporter/unity-export
/Users/rgraham/Documents/work-current/bwised/repo/bitverse/github/PackageExporter/unity-export
Loading GUID <-> Path mappings ... 0.000514 seconds.
Loading Asset Database ...  0.011153 seconds
AssetDatabase consistency checks ...  0.011885 seconds
Initialize engine version: 4.6.1f1 (d1db7a1b5196)
GfxDevice: creating device client; threaded=0
OpenGL:
    Version:  OpenGL 2.1 [2.1 ATI-1.28.29]
    Renderer: ATI Radeon HD 5870 OpenGL Engine
    Vendor:   ATI Technologies Inc.
    VRAM:     1024 MB
    Extensions: GL_ARB_color_buffer_float GL_ARB_depth_buffer_float GL_ARB_depth_clamp GL_ARB_depth_texture GL_ARB_draw_buffers GL_ARB_draw_elements_base_vertex GL_ARB_draw_instanced GL_ARB_fragment_program GL_ARB_fragment_program_shadow GL_ARB_fragment_shader GL_ARB_framebuffer_object GL_ARB_framebuffer_sRGB GL_ARB_half_float_pixel GL_ARB_half_float_vertex GL_ARB_imaging GL_ARB_instanced_arrays GL_ARB_multisample GL_ARB_multitexture GL_ARB_occlusion_query GL_ARB_pixel_buffer_object GL_ARB_point_parameters GL_ARB_point_sprite GL_ARB_provoking_vertex GL_ARB_seamless_cube_map GL_ARB_shader_objects GL_ARB_shader_texture_lod GL_ARB_shading_language_100 GL_ARB_shadow GL_ARB_shadow_ambient GL_ARB_sync GL_ARB_texture_border_clamp GL_ARB_texture_compression GL_ARB_texture_compression_rgtc GL_ARB_texture_cube_map GL_ARB_texture_env_add GL_ARB_texture_env_combine GL_ARB_texture_env_crossbar GL_ARB_texture_env_dot3 GL_ARB_texture_float GL_ARB_texture_mirrored_repeat GL_ARB_texture_non_power_of_two GL_ARB_texture_rectangle GL_ARB_texture_rg GL_ARB_transpose_matrix GL_ARB_vertex_array_bgra GL_ARB_vertex_blend GL_ARB_vertex_buffer_object GL_ARB_vertex_program GL_ARB_vertex_shader GL_ARB_window_pos GL_EXT_abgr GL_EXT_bgra GL_EXT_bindable_uniform GL_EXT_blend_color GL_EXT_blend_equation_separate GL_EXT_blend_func_separate GL_EXT_blend_minmax GL_EXT_blend_subtract GL_EXT_clip_volume_hint GL_EXT_debug_label GL_EXT_debug_marker GL_EXT_draw_buffers2 GL_EXT_draw_range_elements GL_EXT_fog_coord GL_EXT_framebuffer_blit GL_EXT_framebuffer_multisample GL_EXT_framebuffer_object GL_EXT_framebuffer_sRGB GL_EXT_geometry_shader4 GL_EXT_gpu_program_parameters GL_EXT_gpu_shader4 GL_EXT_multi_draw_arrays GL_EXT_packed_depth_stencil GL_EXT_packed_float GL_EXT_provoking_vertex GL_EXT_rescale_normal GL_EXT_secondary_color GL_EXT_separate_specular_color GL_EXT_shadow_funcs GL_EXT_stencil_two_side GL_EXT_stencil_wrap GL_EXT_texture_array GL_EXT_texture_compression_dxt1 GL_EXT_texture_compression_s3tc GL_EXT_texture_env_add GL_EXT_texture_filter_anisotropic GL_EXT_texture_integer GL_EXT_texture_lod_bias GL_EXT_texture_mirror_clamp GL_EXT_texture_rectangle GL_EXT_texture_shared_exponent GL_EXT_texture_sRGB GL_EXT_texture_sRGB_decode GL_EXT_timer_query GL_EXT_transform_feedback GL_EXT_vertex_array_bgra GL_APPLE_aux_depth_stencil GL_APPLE_client_storage GL_APPLE_element_array GL_APPLE_fence GL_APPLE_float_pixels GL_APPLE_flush_buffer_range GL_APPLE_flush_render GL_APPLE_object_purgeable GL_APPLE_packed_pixels GL_APPLE_pixel_buffer GL_APPLE_rgb_422 GL_APPLE_row_bytes GL_APPLE_specular_vector GL_APPLE_texture_range GL_APPLE_transform_hint GL_APPLE_vertex_array_object GL_APPLE_vertex_array_range GL_APPLE_vertex_point_size GL_APPLE_vertex_program_evaluators GL_APPLE_ycbcr_422 GL_ATI_blend_equation_separate GL_ATI_blend_weighted_minmax GL_ATI_separate_stencil GL_ATI_texture_compression_3dc GL_ATI_texture_env_combine3 GL_ATI_texture_float GL_ATI_texture_mirror_once GL_IBM_rasterpos_clip GL_NV_blend_square GL_NV_conditional_render GL_NV_depth_clamp GL_NV_fog_distance GL_NV_light_max_exponent GL_NV_texgen_reflection GL_NV_texture_barrier GL_SGI_color_matrix GL_SGIS_generate_mipmap GL_SGIS_texture_edge_clamp GL_SGIS_texture_lod 
GL: buggy packed depth stencil; Deferred rendering will use slower rendering path
GL: Detected 0 MB VRAM
Begin MonoManager ReloadAssembly
Platform assembly: /Applications/Unity4.6.1f1/Unity.app/Contents/Frameworks/Managed/UnityEngine.dll (this message is harmless)
Platform assembly: /Applications/Unity4.6.1f1/Unity.app/Contents/Frameworks/Managed/UnityEditor.dll (this message is harmless)
Platform assembly: /Applications/Unity4.6.1f1/Unity.app/Contents/Frameworks/Managed/Unity.Locator.dll (this message is harmless)
Platform assembly: /Applications/Unity4.6.1f1/Unity.app/Contents/Frameworks/Managed/Unity.DataContract.dll (this message is harmless)
Platform assembly: /Applications/Unity4.6.1f1/Unity.app/Contents/Frameworks/Mono/lib/mono/2.0/System.Core.dll (this message is harmless)
Platform assembly: /Applications/Unity4.6.1f1/Unity.app/Contents/Frameworks/Managed/Unity.IvyParser.dll (this message is harmless)
Platform assembly: /Applications/Unity4.6.1f1/Unity.app/Contents/Frameworks/Mono/lib/mono/2.0/System.dll (this message is harmless)
Platform assembly: /Applications/Unity4.6.1f1/Unity.app/Contents/Frameworks/Mono/lib/mono/2.0/System.Xml.dll (this message is harmless)
Platform assembly: /Applications/Unity4.6.1f1/Unity.app/Contents/Frameworks/Mono/lib/mono/2.0/System.Configuration.dll (this message is harmless)
Platform assembly: /Applications/Unity4.6.1f1/Unity.app/Contents/PackageManager/Unity/PackageManager/4.6.1/Unity.PackageManager.dll (this message is harmless)
Initializing Unity.PackageManager (PackageManager) v4.6.1 for Unity v4.6.1
Setting GUISystem v4.6.1 for Unity v4.6.1f1 to /Applications/Unity4.6.1f1/Unity.app/Contents/UnityExtensions/Unity/GUISystem/4.6.1
Registering custom dll's ...
Non platform assembly: data-0xc023200 (this message is harmless)
Non platform assembly: data-0xc01ee00 (this message is harmless)
Register platform support module: /Applications/Unity4.6.1f1/Unity.app/Contents/PlaybackEngines/AndroidPlayer/UnityEditor.Android.Extensions.dll
Register platform support module: /Applications/Unity4.6.1f1/Unity.app/Contents/PlaybackEngines/iOSSupport/UnityEditor.iOS.Extensions.dll
Register platform support module: /Applications/Unity4.6.1f1/Unity.app/Contents/PlaybackEngines/BlackBerryPlayer/UnityEditor.BB10.Extensions.dll
Registered in 0.002830 seconds.
Non platform assembly: /Users/rgraham/Documents/work-current/bwised/repo/bitverse/github/PackageExporter/unity-export/Library/ScriptAssemblies/Assembly-CSharp-Editor.dll (this message is harmless)
Loading /Users/rgraham/Documents/work-current/bwised/repo/bitverse/github/PackageExporter/unity-export/Library/ScriptAssemblies/Assembly-CSharp-Editor.dll into Unity Child Domain
Platform assembly: /Applications/Unity4.6.1f1/Unity.app/Contents/PackageManager/Unity/PackageManager/4.6.1/Unity.PackageManager.dll (this message is harmless)
Loading /Applications/Unity4.6.1f1/Unity.app/Contents/PackageManager/Unity/PackageManager/4.6.1/Unity.PackageManager.dll into Unity Child Domain
Non platform assembly: /Applications/Unity4.6.1f1/Unity.app/Contents/UnityExtensions/Unity/GUISystem/4.6.1/UnityEngine.UI.dll (this message is harmless)
Loading /Applications/Unity4.6.1f1/Unity.app/Contents/UnityExtensions/Unity/GUISystem/4.6.1/UnityEngine.UI.dll into Unity Child Domain
Non platform assembly: /Applications/Unity4.6.1f1/Unity.app/Contents/UnityExtensions/Unity/GUISystem/4.6.1/Editor/UnityEditor.UI.dll (this message is harmless)
Loading /Applications/Unity4.6.1f1/Unity.app/Contents/UnityExtensions/Unity/GUISystem/4.6.1/Editor/UnityEditor.UI.dll into Unity Child Domain
Non platform assembly: /Users/rgraham/Documents/work-current/bwised/repo/bitverse/github/PackageExporter/unity-export/Assets/Tools/Bitverse/PackageExporter/PackageExporter.Runtime.dll (this message is harmless)
Loading /Users/rgraham/Documents/work-current/bwised/repo/bitverse/github/PackageExporter/unity-export/Assets/Tools/Bitverse/PackageExporter/PackageExporter.Runtime.dll into Unity Child Domain
Non platform assembly: /Users/rgraham/Documents/work-current/bwised/repo/bitverse/github/PackageExporter/unity-export/Assets/Tools/Bitverse/PackageExporter/Editor/PackageExporter.Editor.dll (this message is harmless)
Loading /Users/rgraham/Documents/work-current/bwised/repo/bitverse/github/PackageExporter/unity-export/Assets/Tools/Bitverse/PackageExporter/Editor/PackageExporter.Editor.dll into Unity Child Domain
Platform assembly: /Applications/Unity4.6.1f1/Unity.app/Contents/Frameworks/Managed/UnityEditor.Graphs.dll (this message is harmless)
Loading /Applications/Unity4.6.1f1/Unity.app/Contents/Frameworks/Managed/UnityEditor.Graphs.dll into Unity Child Domain
Non platform assembly: /Applications/Unity4.6.1f1/Unity.app/Contents/PlaybackEngines/AndroidPlayer/UnityEditor.Android.Extensions.dll (this message is harmless)
Loading /Applications/Unity4.6.1f1/Unity.app/Contents/PlaybackEngines/AndroidPlayer/UnityEditor.Android.Extensions.dll into Unity Child Domain
Non platform assembly: /Applications/Unity4.6.1f1/Unity.app/Contents/PlaybackEngines/iOSSupport/UnityEditor.iOS.Extensions.dll (this message is harmless)
Loading /Applications/Unity4.6.1f1/Unity.app/Contents/PlaybackEngines/iOSSupport/UnityEditor.iOS.Extensions.dll into Unity Child Domain
Non platform assembly: /Applications/Unity4.6.1f1/Unity.app/Contents/PlaybackEngines/BlackBerryPlayer/UnityEditor.BB10.Extensions.dll (this message is harmless)
Loading /Applications/Unity4.6.1f1/Unity.app/Contents/PlaybackEngines/BlackBerryPlayer/UnityEditor.BB10.Extensions.dll into Unity Child Domain
Platform assembly: /Applications/Unity4.6.1f1/Unity.app/Contents/Frameworks/Managed/Mono.Cecil.dll (this message is harmless)
Platform assembly: /Applications/Unity4.6.1f1/Unity.app/Contents/Frameworks/Mono/lib/mono/2.0/UnityScript.dll (this message is harmless)
Platform assembly: /Applications/Unity4.6.1f1/Unity.app/Contents/Frameworks/Managed/ICSharpCode.NRefactory.dll (this message is harmless)
Platform assembly: /Applications/Unity4.6.1f1/Unity.app/Contents/Frameworks/Mono/lib/mono/2.0/System.Xml.Linq.dll (this message is harmless)
Mono: successfully reloaded assembly
- Completed reload, in  0.614 seconds
System memory in use before: 6.7 MB.
Unloading 30 Unused Serialized files (Serialized files now loaded: 0 / Dirty serialized files: 0)
System memory in use after: 5.5 MB.

Unloading 23 unused Assets to reduce memory usage. Loaded Objects now: 326.
Total: 8.773273 ms (FindLiveObjects: 0.035412 ms CreateObjectMapping: 0.008676 ms MarkObjects: 0.637810 ms  DeleteObjects: 0.603871 ms)

Validating Project structure ... 0.000324 seconds.
Refresh: detecting if any assets need to be imported or removed ... Non platform assembly: data-0x81c3a00 (this message is harmless)
Non platform assembly: data-0x81a6600 (this message is harmless)

Hashing assets ... 0.000435 seconds
----- Compute hash(es) for 4 asset(s).
----- Asset named Assets/Editor/PackageExporter.cs is skipped as no actual change.
----- Asset named Assets/Editor/ProjectSetup.cs is skipped as no actual change.

Non platform assembly: data-0x81c3a00 (this message is harmless)
Non platform assembly: data-0x81a6600 (this message is harmless)
Refresh: elapses 0.025636 seconds
Updating ProjectSettings/InputManager.asset - GUID: 00000000000000002000000000000000...
 done. [Time: 22.843327 ms] 
Updating ProjectSettings/TagManager.asset - GUID: 00000000000000003000000000000000...
 done. [Time: 4.658724 ms] 
Updating ProjectSettings/ProjectSettings.asset - GUID: 00000000000000004000000000000000...
 done. [Time: 7.935216 ms] 
Updating ProjectSettings/NavMeshLayers.asset - GUID: 00000000000000004100000000000000...
 done. [Time: 5.244334 ms] 
Updating Library/BuildPlayer.prefs - GUID: 00000000000000005000000000000000...
 done. [Time: 26.502649 ms] 
Updating ProjectSettings/Physics2DSettings.asset - GUID: 00000000000000005100000000000000...
 done. [Time: 3.922213 ms] 
Updating ProjectSettings/AudioManager.asset - GUID: 00000000000000006000000000000000...
 done. [Time: 51.589428 ms] 
Updating ProjectSettings/GraphicsSettings.asset - GUID: 00000000000000006100000000000000...
 done. [Time: 4.142043 ms] 
Updating ProjectSettings/TimeManager.asset - GUID: 00000000000000007000000000000000...
 done. [Time: 3.808520 ms] 
Updating ProjectSettings/DynamicsManager.asset - GUID: 00000000000000008000000000000000...
 done. [Time: 4.343744 ms] 
Updating ProjectSettings/QualitySettings.asset - GUID: 00000000000000009000000000000000...
 done. [Time: 4.316836 ms] 
Updating ProjectSettings/NetworkManager.asset - GUID: 0000000000000000a000000000000000...
 done. [Time: 3.946497 ms] 
Updating ProjectSettings/EditorBuildSettings.asset - GUID: 0000000000000000b000000000000000...
 done. [Time: 4.134963 ms] 
Updating ProjectSettings/EditorSettings.asset - GUID: 0000000000000000c000000000000000...
 done. [Time: 4.024191 ms] 
Updating Assets/Editor - GUID: 42b45bbfb3a6d447784b311946b2f187...
 done. [Time: 4.000001 ms] 
Updating Assets/Tools - GUID: 65981d1a47e764544adf88111c474f50...
 done. [Time: 4.728899 ms] 
Updating Assets/Tools/Bitverse - GUID: 639c7975ab4524ac8a49f8947b1beb4e...
 done. [Time: 3.775247 ms] 
Updating Assets/Tools/Bitverse/PackageExporter - GUID: 9285bf2b6f4174efea6c5615d0317e17...
 done. [Time: 3.916752 ms] 
Updating Assets/Tools/Bitverse/PackageExporter/Editor - GUID: 8a9e9e478e87d49aa87f70e254cefc46...
 done. [Time: 3.839278 ms] 
Non platform assembly: data-0x11807000 (this message is harmless)
Updating Assets/Tools/Bitverse/PackageExporter/Editor/PackageExporter.Editor.dll - GUID: 325fabda9c3b14530a6ec22e7032690b...
 done. [Time: 61.831356 ms] 
Non platform assembly: data-0xe979800 (this message is harmless)
Updating Assets/Tools/Bitverse/PackageExporter/PackageExporter.Runtime.dll - GUID: 402804a3e7f254abda18595379294d2e...
- starting compile Library/ScriptAssemblies/Assembly-CSharp-Editor.dll, for buildtarget 4
- Finished compile Library/ScriptAssemblies/Assembly-CSharp-Editor.dll
Reloading assemblies after successful script compilation.
Begin MonoManager ReloadAssembly
Platform assembly: /Applications/Unity4.6.1f1/Unity.app/Contents/Frameworks/Managed/UnityEngine.dll (this message is harmless)
Platform assembly: /Applications/Unity4.6.1f1/Unity.app/Contents/Frameworks/Managed/UnityEditor.dll (this message is harmless)
Platform assembly: /Applications/Unity4.6.1f1/Unity.app/Contents/Frameworks/Managed/Unity.Locator.dll (this message is harmless)
Registering custom dll's ...
Non platform assembly: data-0x13106400 (this message is harmless)
Non platform assembly: data-0x131b5400 (this message is harmless)
Register platform support module: /Applications/Unity4.6.1f1/Unity.app/Contents/PlaybackEngines/AndroidPlayer/UnityEditor.Android.Extensions.dll
Register platform support module: /Applications/Unity4.6.1f1/Unity.app/Contents/PlaybackEngines/iOSSupport/UnityEditor.iOS.Extensions.dll
Register platform support module: /Applications/Unity4.6.1f1/Unity.app/Contents/PlaybackEngines/BlackBerryPlayer/UnityEditor.BB10.Extensions.dll
Registered in 0.002259 seconds.
Non platform assembly: /Users/rgraham/Documents/work-current/bwised/repo/bitverse/github/PackageExporter/unity-export/Library/ScriptAssemblies/Assembly-CSharp-Editor.dll (this message is harmless)
Loading /Users/rgraham/Documents/work-current/bwised/repo/bitverse/github/PackageExporter/unity-export/Library/ScriptAssemblies/Assembly-CSharp-Editor.dll into Unity Child Domain
Platform assembly: /Applications/Unity4.6.1f1/Unity.app/Contents/PackageManager/Unity/PackageManager/4.6.1/Unity.PackageManager.dll (this message is harmless)
Loading /Applications/Unity4.6.1f1/Unity.app/Contents/PackageManager/Unity/PackageManager/4.6.1/Unity.PackageManager.dll into Unity Child Domain
Non platform assembly: /Applications/Unity4.6.1f1/Unity.app/Contents/UnityExtensions/Unity/GUISystem/4.6.1/UnityEngine.UI.dll (this message is harmless)
Loading /Applications/Unity4.6.1f1/Unity.app/Contents/UnityExtensions/Unity/GUISystem/4.6.1/UnityEngine.UI.dll into Unity Child Domain
Non platform assembly: /Applications/Unity4.6.1f1/Unity.app/Contents/UnityExtensions/Unity/GUISystem/4.6.1/Editor/UnityEditor.UI.dll (this message is harmless)
Loading /Applications/Unity4.6.1f1/Unity.app/Contents/UnityExtensions/Unity/GUISystem/4.6.1/Editor/UnityEditor.UI.dll into Unity Child Domain
Non platform assembly: /Users/rgraham/Documents/work-current/bwised/repo/bitverse/github/PackageExporter/unity-export/Assets/Tools/Bitverse/PackageExporter/PackageExporter.Runtime.dll (this message is harmless)
Loading /Users/rgraham/Documents/work-current/bwised/repo/bitverse/github/PackageExporter/unity-export/Assets/Tools/Bitverse/PackageExporter/PackageExporter.Runtime.dll into Unity Child Domain
Non platform assembly: /Users/rgraham/Documents/work-current/bwised/repo/bitverse/github/PackageExporter/unity-export/Assets/Tools/Bitverse/PackageExporter/Editor/PackageExporter.Editor.dll (this message is harmless)
Loading /Users/rgraham/Documents/work-current/bwised/repo/bitverse/github/PackageExporter/unity-export/Assets/Tools/Bitverse/PackageExporter/Editor/PackageExporter.Editor.dll into Unity Child Domain
Platform assembly: /Applications/Unity4.6.1f1/Unity.app/Contents/Frameworks/Managed/UnityEditor.Graphs.dll (this message is harmless)
Loading /Applications/Unity4.6.1f1/Unity.app/Contents/Frameworks/Managed/UnityEditor.Graphs.dll into Unity Child Domain
Non platform assembly: /Applications/Unity4.6.1f1/Unity.app/Contents/PlaybackEngines/AndroidPlayer/UnityEditor.Android.Extensions.dll (this message is harmless)
Loading /Applications/Unity4.6.1f1/Unity.app/Contents/PlaybackEngines/AndroidPlayer/UnityEditor.Android.Extensions.dll into Unity Child Domain
Non platform assembly: /Applications/Unity4.6.1f1/Unity.app/Contents/PlaybackEngines/iOSSupport/UnityEditor.iOS.Extensions.dll (this message is harmless)
Loading /Applications/Unity4.6.1f1/Unity.app/Contents/PlaybackEngines/iOSSupport/UnityEditor.iOS.Extensions.dll into Unity Child Domain
Non platform assembly: /Applications/Unity4.6.1f1/Unity.app/Contents/PlaybackEngines/BlackBerryPlayer/UnityEditor.BB10.Extensions.dll (this message is harmless)
Loading /Applications/Unity4.6.1f1/Unity.app/Contents/PlaybackEngines/BlackBerryPlayer/UnityEditor.BB10.Extensions.dll into Unity Child Domain
Platform assembly: /Applications/Unity4.6.1f1/Unity.app/Contents/Frameworks/Managed/Unity.DataContract.dll (this message is harmless)
Platform assembly: /Applications/Unity4.6.1f1/Unity.app/Contents/Frameworks/Mono/lib/mono/2.0/System.Core.dll (this message is harmless)
Platform assembly: /Applications/Unity4.6.1f1/Unity.app/Contents/Frameworks/Managed/Unity.IvyParser.dll (this message is harmless)
Initializing Unity.PackageManager (PackageManager) v4.6.1 for Unity v4.6.1
Setting GUISystem v4.6.1 for Unity v4.6.1f1 to /Applications/Unity4.6.1f1/Unity.app/Contents/UnityExtensions/Unity/GUISystem/4.6.1
Platform assembly: /Applications/Unity4.6.1f1/Unity.app/Contents/Frameworks/Managed/Mono.Cecil.dll (this message is harmless)
Platform assembly: /Applications/Unity4.6.1f1/Unity.app/Contents/Frameworks/Mono/lib/mono/2.0/UnityScript.dll (this message is harmless)
Platform assembly: /Applications/Unity4.6.1f1/Unity.app/Contents/Frameworks/Managed/ICSharpCode.NRefactory.dll (this message is harmless)
Platform assembly: /Applications/Unity4.6.1f1/Unity.app/Contents/Frameworks/Mono/lib/mono/2.0/System.Xml.Linq.dll (this message is harmless)
Mono: successfully reloaded assembly
- Completed reload, in  0.635 seconds
 done. [Time: 1418.238037 ms] 
System memory in use before: 8.6 MB.
Unloading 17 Unused Serialized files (Serialized files now loaded: 0 / Dirty serialized files: 0)
System memory in use after: 7.5 MB.

Unloading 25 unused Assets to reduce memory usage. Loaded Objects now: 330.
Total: 9.568651 ms (FindLiveObjects: 0.034877 ms CreateObjectMapping: 0.006182 ms MarkObjects: 0.760937 ms  DeleteObjects: 0.661916 ms)


----- Total AssetImport time: 1.796837s, AssetImport time: 1.690560s, Asset hashing: 0.000533s [19.9 KB, 36.482918 mb/s]
----- Cache Server detail: CacheServerIntegrate time: 0.000000s, CacheServer download: 0.000113s [0 B, 0.000000 mb/s]
----- Cache Server detail: Total assets requested: 21, Cached Assets: 0, Not available: 0, Not supported: 21.
----- Cache Server detail: CacheMove: 0.000000s, CacheDelete: 0.000000s.

System memory in use before: 8.7 MB.
Unloading 0 Unused Serialized files (Serialized files now loaded: 0 / Dirty serialized files: 0)
System memory in use after: 8.8 MB.

Unloading 0 unused Assets to reduce memory usage. Loaded Objects now: 330.
Total: 0.762530 ms (FindLiveObjects: 0.026834 ms CreateObjectMapping: 0.005742 ms MarkObjects: 0.676047 ms  DeleteObjects: 0.004581 ms)

Refresh: detecting if any assets need to be imported or removed ... Refresh: elapses 0.000425 seconds (Nothing changed)
Updating ProjectSettings/ProjectSettings.asset - GUID: 00000000000000004000000000000000...
 done. [Time: 6.430947 ms] 

----- Total AssetImport time: 0.043578s, AssetImport time: 0.017572s, Asset hashing: 0.000000s [0 B, 0.000000 mb/s]
----- Cache Server detail: CacheServerIntegrate time: 0.000000s, CacheServer download: 0.000040s [0 B, 0.000000 mb/s]
----- Cache Server detail: Total assets requested: 1, Cached Assets: 0, Not available: 0, Not supported: 1.
----- Cache Server detail: CacheMove: 0.000000s, CacheDelete: 0.000000s.

Refresh: detecting if any assets need to be imported or removed ... Refresh: elapses 0.000389 seconds (Nothing changed)
Refresh: detecting if any assets need to be imported or removed ... Refresh: elapses 0.000435 seconds (Nothing changed)

----- Total AssetImport time: 0.083574s, AssetImport time: 0.000000s, Asset hashing: 0.000000s [0 B, 0.000000 mb/s]

Created package: ../dist/PackageExporter-u4.6.1f1-v1.0.1.unitypackage
UnityEngine.Debug:Internal_Log(Int32, String, Object)
UnityEngine.Debug:Log(Object)
PackageExporter:Export() (at Assets/Editor/PackageExporter.cs:46)
 
(Filename: Assets/Editor/PackageExporter.cs Line: 46)

Batchmode quit successfully invoked - shutting down!
System memory in use before: 9.5 MB.
Unloading 2 Unused Serialized files (Serialized files now loaded: 0 / Dirty serialized files: 0)
System memory in use after: 9.1 MB.

Unloading 0 unused Assets to reduce memory usage. Loaded Objects now: 332.
Total: 4.434014 ms (FindLiveObjects: 0.022240 ms CreateObjectMapping: 0.005827 ms MarkObjects: 0.779768 ms  DeleteObjects: 0.004279 ms)

Refresh: detecting if any assets need to be imported or removed ... Refresh: elapses 0.000360 seconds (Nothing changed)
Cleanup mono
Exiting batchmode successfully now!
