2014-12-18 08:45:33.500 Unity[13758:1485263] NSDocumentController Info.plist warning: The values of CFBundleTypeRole entries must be 'Editor', 'Viewer', 'None', or 'Shell'.
debugger-agent: Unable to listen on 6
Applications/Unity4.6.1f1/Unity.app/Contents/Frameworks/Mono/etc'
Using monoOptions --debugger-agent=transport=dt_socket,embedding=1,defer=y

LICENSE SYSTEM [20141218 8:45:33] Next license update check is after 2014-12-18T18:48:08


 BATCHMODE ARGUMENTS:
/Applications/Unity4.6.1f1/Unity.app/Contents/MacOS/Unity
-batchmode
-quit
-projectPath
/Users/rgraham/work/bwised/repo/bitverse/github/PackageExporter/unity
-logFile
unity-export-raw.log
-executeMethod
PackageExporter.ExportRaw
Successfully changed project path to: /Users/rgraham/work/bwised/repo/bitverse/github/PackageExporter/unity
/Users/rgraham/Documents/work-current/bwised/repo/bitverse/github/PackageExporter/unity
Loading GUID <-> Path mappings ... 0.000518 seconds.
Loading Asset Database ...  0.010798 seconds
AssetDatabase consistency checks ...  0.011226 seconds
Initialize engine version: 4.6.1f1 (d1db7a1b5196)
GfxDevice: creating device client; threaded=0
OpenGL:
    Version:  OpenGL 2.1 [2.1 ATI-1.28.29]
    Renderer: ATI Radeon HD 5870 OpenGL Engine
    Vendor:   ATI Technologies Inc.
    VRAM:     1024 MB
    Extensions: GL_ARB_color_buffer_float GL_ARB_depth_buffer_float GL_ARB_depth_clamp GL_ARB_depth_texture GL_ARB_draw_buffers GL_ARB_draw_elements_base_vertex GL_ARB_draw_instanced GL_ARB_fragment_program GL_ARB_fragment_program_shadow GL_ARB_fragment_shader GL_ARB_framebuffer_object GL_ARB_framebuffer_sRGB GL_ARB_half_float_pixel GL_ARB_half_float_vertex GL_ARB_imaging GL_ARB_instanced_arrays GL_ARB_multisample GL_ARB_multitexture GL_ARB_occlusion_query GL_ARB_pixel_buffer_object GL_ARB_point_parameters GL_ARB_point_sprite GL_ARB_provoking_vertex GL_ARB_seamless_cube_map GL_ARB_shader_objects GL_ARB_shader_texture_lod GL_ARB_shading_language_100 GL_ARB_shadow GL_ARB_shadow_ambient GL_ARB_sync GL_ARB_texture_border_clamp GL_ARB_texture_compression GL_ARB_texture_compression_rgtc GL_ARB_texture_cube_map GL_ARB_texture_env_add GL_ARB_texture_env_combine GL_ARB_texture_env_crossbar GL_ARB_texture_env_dot3 GL_ARB_texture_float GL_ARB_texture_mirrored_repeat GL_ARB_texture_non_power_of_two GL_ARB_texture_rectangle GL_ARB_texture_rg GL_ARB_transpose_matrix GL_ARB_vertex_array_bgra GL_ARB_vertex_blend GL_ARB_vertex_buffer_object GL_ARB_vertex_program GL_ARB_vertex_shader GL_ARB_window_pos GL_EXT_abgr GL_EXT_bgra GL_EXT_bindable_uniform GL_EXT_blend_color GL_EXT_blend_equation_separate GL_EXT_blend_func_separate GL_EXT_blend_minmax GL_EXT_blend_subtract GL_EXT_clip_volume_hint GL_EXT_debug_label GL_EXT_debug_marker GL_EXT_draw_buffers2 GL_EXT_draw_range_elements GL_EXT_fog_coord GL_EXT_framebuffer_blit GL_EXT_framebuffer_multisample GL_EXT_framebuffer_object GL_EXT_framebuffer_sRGB GL_EXT_geometry_shader4 GL_EXT_gpu_program_parameters GL_EXT_gpu_shader4 GL_EXT_multi_draw_arrays GL_EXT_packed_depth_stencil GL_EXT_packed_float GL_EXT_provoking_vertex GL_EXT_rescale_normal GL_EXT_secondary_color GL_EXT_separate_specular_color GL_EXT_shadow_funcs GL_EXT_stencil_two_side GL_EXT_stencil_wrap GL_EXT_texture_array GL_EXT_texture_compression_dxt1 GL_EXT_texture_compression_s3tc GL_EXT_texture_env_add GL_EXT_texture_filter_anisotropic GL_EXT_texture_integer GL_EXT_texture_lod_bias GL_EXT_texture_mirror_clamp GL_EXT_texture_rectangle GL_EXT_texture_shared_exponent GL_EXT_texture_sRGB GL_EXT_texture_sRGB_decode GL_EXT_timer_query GL_EXT_transform_feedback GL_EXT_vertex_array_bgra GL_APPLE_aux_depth_stencil GL_APPLE_client_storage GL_APPLE_element_array GL_APPLE_fence GL_APPLE_float_pixels GL_APPLE_flush_buffer_range GL_APPLE_flush_render GL_APPLE_object_purgeable GL_APPLE_packed_pixels GL_APPLE_pixel_buffer GL_APPLE_rgb_422 GL_APPLE_row_bytes GL_APPLE_specular_vector GL_APPLE_texture_range GL_APPLE_transform_hint GL_APPLE_vertex_array_object GL_APPLE_vertex_array_range GL_APPLE_vertex_point_size GL_APPLE_vertex_program_evaluators GL_APPLE_ycbcr_422 GL_ATI_blend_equation_separate GL_ATI_blend_weighted_minmax GL_ATI_separate_stencil GL_ATI_texture_compression_3dc GL_ATI_texture_env_combine3 GL_ATI_texture_float GL_ATI_texture_mirror_once GL_IBM_rasterpos_clip GL_NV_blend_square GL_NV_conditional_render GL_NV_depth_clamp GL_NV_fog_distance GL_NV_light_max_exponent GL_NV_texgen_reflection GL_NV_texture_barrier GL_SGI_color_matrix GL_SGIS_generate_mipmap GL_SGIS_texture_edge_clamp GL_SGIS_texture_lod 
GL: buggy packed depth stencil; Deferred rendering will use slower rendering path
GL: Detected 0 MB VRAM
Begin MonoManager ReloadAssembly
Platform assembly: /Applications/Unity4.6.1f1/Unity.app/Contents/Frameworks/Managed/UnityEngine.dll (this message is harmless)
Platform assembly: /Applications/Unity4.6.1f1/Unity.app/Contents/Frameworks/Managed/UnityEditor.dll (this message is harmless)
Platform assembly: /Applications/Unity4.6.1f1/Unity.app/Contents/Frameworks/Managed/Unity.Locator.dll (this message is harmless)
Platform assembly: /Applications/Unity4.6.1f1/Unity.app/Contents/Frameworks/Managed/Unity.DataContract.dll (this message is harmless)
Platform assembly: /Applications/Unity4.6.1f1/Unity.app/Contents/Frameworks/Mono/lib/mono/2.0/System.Core.dll (this message is harmless)
Platform assembly: /Applications/Unity4.6.1f1/Unity.app/Contents/Frameworks/Managed/Unity.IvyParser.dll (this message is harmless)
Platform assembly: /Applications/Unity4.6.1f1/Unity.app/Contents/Frameworks/Mono/lib/mono/2.0/System.dll (this message is harmless)
Platform assembly: /Applications/Unity4.6.1f1/Unity.app/Contents/Frameworks/Mono/lib/mono/2.0/System.Xml.dll (this message is harmless)
Platform assembly: /Applications/Unity4.6.1f1/Unity.app/Contents/Frameworks/Mono/lib/mono/2.0/System.Configuration.dll (this message is harmless)
Platform assembly: /Applications/Unity4.6.1f1/Unity.app/Contents/PackageManager/Unity/PackageManager/4.6.1/Unity.PackageManager.dll (this message is harmless)
Initializing Unity.PackageManager (PackageManager) v4.6.1 for Unity v4.6.1
Setting GUISystem v4.6.1 for Unity v4.6.1f1 to /Applications/Unity4.6.1f1/Unity.app/Contents/UnityExtensions/Unity/GUISystem/4.6.1
Registering custom dll's ...
Register platform support module: /Applications/Unity4.6.1f1/Unity.app/Contents/PlaybackEngines/AndroidPlayer/UnityEditor.Android.Extensions.dll
Register platform support module: /Applications/Unity4.6.1f1/Unity.app/Contents/PlaybackEngines/iOSSupport/UnityEditor.iOS.Extensions.dll
Register platform support module: /Applications/Unity4.6.1f1/Unity.app/Contents/PlaybackEngines/BlackBerryPlayer/UnityEditor.BB10.Extensions.dll
Registered in 0.000640 seconds.
Non platform assembly: /Users/rgraham/Documents/work-current/bwised/repo/bitverse/github/PackageExporter/unity/Library/ScriptAssemblies/Assembly-CSharp.dll (this message is harmless)
Loading /Users/rgraham/Documents/work-current/bwised/repo/bitverse/github/PackageExporter/unity/Library/ScriptAssemblies/Assembly-CSharp.dll into Unity Child Domain
Non platform assembly: /Users/rgraham/Documents/work-current/bwised/repo/bitverse/github/PackageExporter/unity/Library/ScriptAssemblies/Assembly-CSharp-Editor.dll (this message is harmless)
Loading /Users/rgraham/Documents/work-current/bwised/repo/bitverse/github/PackageExporter/unity/Library/ScriptAssemblies/Assembly-CSharp-Editor.dll into Unity Child Domain
Platform assembly: /Applications/Unity4.6.1f1/Unity.app/Contents/PackageManager/Unity/PackageManager/4.6.1/Unity.PackageManager.dll (this message is harmless)
Loading /Applications/Unity4.6.1f1/Unity.app/Contents/PackageManager/Unity/PackageManager/4.6.1/Unity.PackageManager.dll into Unity Child Domain
Non platform assembly: /Applications/Unity4.6.1f1/Unity.app/Contents/UnityExtensions/Unity/GUISystem/4.6.1/UnityEngine.UI.dll (this message is harmless)
Loading /Applications/Unity4.6.1f1/Unity.app/Contents/UnityExtensions/Unity/GUISystem/4.6.1/UnityEngine.UI.dll into Unity Child Domain
Non platform assembly: /Applications/Unity4.6.1f1/Unity.app/Contents/UnityExtensions/Unity/GUISystem/4.6.1/Editor/UnityEditor.UI.dll (this message is harmless)
Loading /Applications/Unity4.6.1f1/Unity.app/Contents/UnityExtensions/Unity/GUISystem/4.6.1/Editor/UnityEditor.UI.dll into Unity Child Domain
Platform assembly: /Applications/Unity4.6.1f1/Unity.app/Contents/Frameworks/Managed/UnityEditor.Graphs.dll (this message is harmless)
Loading /Applications/Unity4.6.1f1/Unity.app/Contents/Frameworks/Managed/UnityEditor.Graphs.dll into Unity Child Domain
Non platform assembly: /Applications/Unity4.6.1f1/Unity.app/Contents/PlaybackEngines/AndroidPlayer/UnityEditor.Android.Extensions.dll (this message is harmless)
Loading /Applications/Unity4.6.1f1/Unity.app/Contents/PlaybackEngines/AndroidPlayer/UnityEditor.Android.Extensions.dll into Unity Child Domain
Non platform assembly: /Applications/Unity4.6.1f1/Unity.app/Contents/PlaybackEngines/iOSSupport/UnityEditor.iOS.Extensions.dll (this message is harmless)
Loading /Applications/Unity4.6.1f1/Unity.app/Contents/PlaybackEngines/iOSSupport/UnityEditor.iOS.Extensions.dll into Unity Child Domain
Non platform assembly: /Applications/Unity4.6.1f1/Unity.app/Contents/PlaybackEngines/BlackBerryPlayer/UnityEditor.BB10.Extensions.dll (this message is harmless)
Loading /Applications/Unity4.6.1f1/Unity.app/Contents/PlaybackEngines/BlackBerryPlayer/UnityEditor.BB10.Extensions.dll into Unity Child Domain
Platform assembly: /Applications/Unity4.6.1f1/Unity.app/Contents/Frameworks/Managed/Mono.Cecil.dll (this message is harmless)
Platform assembly: /Applications/Unity4.6.1f1/Unity.app/Contents/Frameworks/Mono/lib/mono/2.0/UnityScript.dll (this message is harmless)
Platform assembly: /Applications/Unity4.6.1f1/Unity.app/Contents/Frameworks/Managed/ICSharpCode.NRefactory.dll (this message is harmless)
Platform assembly: /Applications/Unity4.6.1f1/Unity.app/Contents/Frameworks/Mono/lib/mono/2.0/System.Xml.Linq.dll (this message is harmless)
Mono: successfully reloaded assembly
- Completed reload, in  0.613 seconds
System memory in use before: 22.6 MB.
Unloading 32 Unused Serialized files (Serialized files now loaded: 0 / Dirty serialized files: 0)
System memory in use after: 21.3 MB.

Unloading 25 unused Assets to reduce memory usage. Loaded Objects now: 326.
Total: 9.001295 ms (FindLiveObjects: 0.036457 ms CreateObjectMapping: 0.008480 ms MarkObjects: 0.601672 ms  DeleteObjects: 0.571445 ms)

Validating Project structure ... 0.000360 seconds.
Refresh: detecting if any assets need to be imported or removed ... Refresh: elapses 0.000452 seconds (Nothing changed)
System memory in use before: 25.1 MB.
Unloading 6 Unused Serialized files (Serialized files now loaded: 0 / Dirty serialized files: 0)
System memory in use after: 24.8 MB.

Unloading 25 unused Assets to reduce memory usage. Loaded Objects now: 326.
Total: 2.493263 ms (FindLiveObjects: 0.032381 ms CreateObjectMapping: 0.006493 ms MarkObjects: 0.654181 ms  DeleteObjects: 0.648381 ms)

Refresh: detecting if any assets need to be imported or removed ... Refresh: elapses 0.000451 seconds (Nothing changed)
Updating ProjectSettings/ProjectSettings.asset - GUID: 00000000000000004000000000000000...
 done. [Time: 24.952534 ms] 

----- Total AssetImport time: 0.218389s, AssetImport time: 0.037534s, Asset hashing: 0.000000s [0 B, 0.000000 mb/s]
----- Cache Server detail: CacheServerIntegrate time: 0.000000s, CacheServer download: 0.000128s [0 B, 0.000000 mb/s]
----- Cache Server detail: Total assets requested: 1, Cached Assets: 0, Not available: 0, Not supported: 1.
----- Cache Server detail: CacheMove: 0.000000s, CacheDelete: 0.000000s.

Refresh: detecting if any assets need to be imported or removed ... Refresh: elapses 0.000442 seconds (Nothing changed)
Refresh: detecting if any assets need to be imported or removed ... Refresh: elapses 0.000483 seconds (Nothing changed)

----- Total AssetImport time: 0.087956s, AssetImport time: 0.000001s, Asset hashing: 0.000000s [0 B, 0.000000 mb/s]

Created package: ../dist/PackageExporter-Raw-u4.6.1f1-v1.0.1.unitypackage
UnityEngine.Debug:Internal_Log(Int32, String, Object)
UnityEngine.Debug:Log(Object)
PackageExporter:ExportRaw() (at /Users/rgraham/Documents/work-current/bwised/repo/bitverse/github/PackageExporter-bak/unity/Assets/Editor/PackageExporter.cs:58)
 
(Filename: /Users/rgraham/Documents/work-current/bwised/repo/bitverse/github/PackageExporter-bak/unity/Assets/Editor/PackageExporter.cs Line: 58)

Batchmode quit successfully invoked - shutting down!
System memory in use before: 25.7 MB.
Unloading 2 Unused Serialized files (Serialized files now loaded: 0 / Dirty serialized files: 0)
System memory in use after: 25.3 MB.

Unloading 0 unused Assets to reduce memory usage. Loaded Objects now: 328.
Total: 4.519109 ms (FindLiveObjects: 0.023596 ms CreateObjectMapping: 0.005811 ms MarkObjects: 0.833384 ms  DeleteObjects: 0.004692 ms)

Refresh: detecting if any assets need to be imported or removed ... Refresh: elapses 0.000387 seconds (Nothing changed)
Cleanup mono
Exiting batchmode successfully now!
